<?xml version="1.0" encoding="UTF-8"?>
<testsuite name="APIAutomationRestAssured5X"
           tests="3"
           failures="0"
           errors="0"
           skipped="0"
           time="0.007">
    <properties></properties>



            <testcase
                name="loginviaotp"
                time="0.006"
                classname="DDT.DDT02">
            </testcase>
            <testcase
                name="loginviaotp"
                time="0.000"
                classname="DDT.DDT02">
            </testcase>
            <testcase
                name="loginviaotp"
                time="0.001"
                classname="DDT.DDT02">
            </testcase>
</testsuite>
