<?xml version="1.0" encoding="UTF-8"?>
<testsuite name="APIAutomationRestAssured5X"
           tests="2"
           failures="0"
           errors="0"
           skipped="0"
           time="0.012">
    <properties></properties>



            <testcase
                name="gmailsignin"
                time="0.000"
                classname="DDT.DDT03">
            </testcase>
            <testcase
                name="gmailsignin"
                time="0.012"
                classname="DDT.DDT03">
            </testcase>
</testsuite>
