<?xml version="1.0" encoding="UTF-8"?>
<testsuite name="APIAutomationRestAssured5X"
           tests="3"
           failures="0"
           errors="0"
           skipped="0"
           time="0.010">
    <properties></properties>



            <testcase
                name="userlogin"
                time="0.008"
                classname="DDT.DDT02">
            </testcase>
            <testcase
                name="userlogin"
                time="0.000"
                classname="DDT.DDT02">
            </testcase>
            <testcase
                name="userlogin"
                time="0.002"
                classname="DDT.DDT02">
            </testcase>
</testsuite>
