<?xml version="1.0" encoding="UTF-8"?>
<testsuite name="C:/Users/Abhilash Sharma/IdeaProjects/APIAutomationRestAssured5X/src/test/java/ListenerDemo/Listenerrun.java"
           tests="2"
           failures="0"
           errors="0"
           skipped="0"
           time="0.010">
    <properties></properties>



            <testcase
                name="testcase2"
                time="0.001"
                classname="ListenerDemo.Listenerrun">
            </testcase>
            <testcase
                name="testcase1"
                time="0.009"
                classname="ListenerDemo.Listenerrun">
            </testcase>
</testsuite>
