<?xml version="1.0" encoding="UTF-8"?>
<testsuite name="APIAutomationRestAssured5X"
           tests="2"
           failures="0"
           errors="0"
           skipped="0"
           time="0.007">
    <properties></properties>



            <testcase
                name="runprogram"
                time="0.000"
                classname="TestNG.DependsonSetup">
            </testcase>
            <testcase
                name="serverstarted"
                time="0.007"
                classname="TestNG.DependsonSetup">
            </testcase>
</testsuite>
