<?xml version="1.0" encoding="UTF-8"?>
<testsuite name="APIAutomationRestAssured5X"
           tests="4"
           failures="0"
           errors="0"
           skipped="0"
           time="0.011">
    <properties></properties>



            <testcase
                name="testcase3"
                time="0.009"
                classname="TestNG.TestNG07">
            </testcase>
            <testcase
                name="testcase1"
                time="0.000"
                classname="TestNG.TestNG07">
            </testcase>
            <testcase
                name="testcase2"
                time="0.001"
                classname="TestNG.TestNG07">
            </testcase>
            <testcase
                name="testcase4"
                time="0.001"
                classname="TestNG.TestNG07">
            </testcase>
</testsuite>
