<?xml version="1.0" encoding="UTF-8"?>
<testsuite name="APIAutomationRestAssured5X"
           tests="4"
           failures="0"
           errors="0"
           skipped="0"
           time="0.006">
    <properties></properties>



            <testcase
                name="logincredentials"
                time="0.000"
                classname="TestNG.MultipleUsercredentials">
            </testcase>
            <testcase
                name="logincredentials"
                time="0.000"
                classname="TestNG.MultipleUsercredentials">
            </testcase>
            <testcase
                name="logincredentials"
                time="0.005"
                classname="TestNG.MultipleUsercredentials">
            </testcase>
            <testcase
                name="logincredentials"
                time="0.001"
                classname="TestNG.MultipleUsercredentials">
            </testcase>
</testsuite>
