<?xml version="1.0" encoding="UTF-8"?>
<testsuite name="APIAutomationRestAssured5X"
           tests="3"
           failures="0"
           errors="0"
           skipped="0"
           time="0.016">
    <properties></properties>



            <testcase
                name="deletebooking"
                time="0.001"
                classname="TestNG.PriorityandGroups">
            </testcase>
            <testcase
                name="getbookingid"
                time="0.014"
                classname="TestNG.PriorityandGroups">
            </testcase>
            <testcase
                name="getoken"
                time="0.001"
                classname="TestNG.PriorityandGroups">
            </testcase>
</testsuite>
